<?xml version="1.0" encoding="UTF-8"?>
<!-- Generated by org.testng.reporters.JUnitXMLReporter -->
<testsuite ignored="0" hostname="DESKTOP-0UK4DGM" failures="0" tests="3" name="Default test" time="0.055" errors="0" timestamp="2021-07-08T16:26:23 IST">
  <testcase classname="test.GSTSegregationTest" name="verifyAllProduct" time="0.011"/>
  <testcase classname="test.GSTSegregationTest" name="verifyGSTProductWithPriceGreater2000Size" time="0.002"/>
  <testcase classname="test.GSTSegregationTest" name="verifyGSTProductWithPriceGreaterThan2000" time="0.0"/>
</testsuite> <!-- Default test -->
