<?xml version="1.0" encoding="UTF-8"?>
<testng-results ignored="0" total="3" passed="3" failed="0" skipped="0">
  <reporter-output>
  </reporter-output>
  <suite started-at="2021-07-08T16:26:23 IST" name="Default suite" finished-at="2021-07-08T16:26:23 IST" duration-ms="55">
    <groups>
    </groups>
    <test started-at="2021-07-08T16:26:23 IST" name="Default test" finished-at="2021-07-08T16:26:23 IST" duration-ms="55">
      <class name="test.GSTSegregationTest">
        <test-method signature="verifyAllProduct()[pri:0, instance:test.GSTSegregationTest@41c2284a]" started-at="2021-07-08T16:26:23 IST" name="verifyAllProduct" finished-at="2021-07-08T16:26:23 IST" duration-ms="11" status="PASS">
          <reporter-output>
          </reporter-output>
        </test-method> <!-- verifyAllProduct -->
        <test-method signature="verifyGSTProductWithPriceGreater2000Size()[pri:0, instance:test.GSTSegregationTest@41c2284a]" started-at="2021-07-08T16:26:23 IST" name="verifyGSTProductWithPriceGreater2000Size" finished-at="2021-07-08T16:26:23 IST" duration-ms="2" status="PASS">
          <reporter-output>
          </reporter-output>
        </test-method> <!-- verifyGSTProductWithPriceGreater2000Size -->
        <test-method signature="verifyGSTProductWithPriceGreaterThan2000()[pri:0, instance:test.GSTSegregationTest@41c2284a]" started-at="2021-07-08T16:26:23 IST" name="verifyGSTProductWithPriceGreaterThan2000" finished-at="2021-07-08T16:26:23 IST" duration-ms="0" status="PASS">
          <reporter-output>
          </reporter-output>
        </test-method> <!-- verifyGSTProductWithPriceGreaterThan2000 -->
      </class> <!-- test.GSTSegregationTest -->
    </test> <!-- Default test -->
  </suite> <!-- Default suite -->
</testng-results>
